* using log directory ‘/Users/nguyendu/Google Drive/swissinfo/_helpers/swiRcharts.Rcheck’
* using R version 3.1.2 (2014-10-31)
* using platform: x86_64-apple-darwin13.4.0 (64-bit)
* using session charset: UTF-8
* checking for file ‘swiRcharts/DESCRIPTION’ ... OK
* checking extension type ... Package
* this is package ‘swiRcharts’ version ‘1.0’
* checking package namespace information ... OK
* checking package dependencies ... OK
* checking if this is a source package ... OK
* checking if there is a namespace ... OK
* checking for executable files ... OK
* checking for hidden files and directories ... OK
* checking for portable file names ... OK
* checking for sufficient/correct file permissions ... OK
* checking whether package ‘swiRcharts’ can be installed ... WARNING
Found the following significant warnings:
  Warning: /Users/nguyendu/Google Drive/swissinfo/_helpers/swiRcharts.Rcheck/00_pkg_src/swiRcharts/man/swiRcharts-package.Rd:32: All text must be in a section
  Warning: /Users/nguyendu/Google Drive/swissinfo/_helpers/swiRcharts.Rcheck/00_pkg_src/swiRcharts/man/swiRcharts-package.Rd:33: All text must be in a section
See ‘/Users/nguyendu/Google Drive/swissinfo/_helpers/swiRcharts.Rcheck/00install.out’ for details.
* checking installed package size ... OK
* checking package directory ... OK
* checking DESCRIPTION meta-information ... WARNING
Non-standard license specification:
  What license is it under?
Standardizable: FALSE
* checking top-level files ... OK
* checking for left-over files ... OK
* checking index information ... OK
* checking package subdirectories ... OK
* checking R files for non-ASCII characters ... OK
* checking R files for syntax errors ... OK
* checking whether the package can be loaded ... OK
* checking whether the package can be loaded with stated dependencies ... OK
* checking whether the package can be unloaded cleanly ... OK
* checking whether the namespace can be loaded with stated dependencies ... OK
* checking whether the namespace can be unloaded cleanly ... OK
* checking loading without being on the library search path ... OK
* checking dependencies in R code ... NOTE
Package in Depends field not imported from: ‘swiTheme’
  These packages need to be imported from (in the NAMESPACE file)
  for when this namespace is loaded but not attached.
See the information on DESCRIPTION files in the chapter ‘Creating R
packages’ of the ‘Writing R Extensions’ manual.
* checking S3 generic/method consistency ... OK
* checking replacement functions ... OK
* checking foreign function calls ... OK
* checking R code for possible problems ... OK
* checking Rd files ... WARNING
prepare_Rd: swiRcharts-package.Rd:32: All text must be in a section
prepare_Rd: swiRcharts-package.Rd:33: All text must be in a section
* checking Rd metadata ... OK
* checking Rd line widths ... OK
* checking Rd cross-references ... WARNING
Unknown package ‘<pkg>’ in Rd xrefs
* checking for missing documentation entries ... OK
* checking for code/documentation mismatches ... OK
* checking Rd \usage sections ... WARNING
Undocumented arguments in documentation object 'hSeries'
  ‘descr’ ‘h3’

Functions with \usage entries need to have the appropriate \alias
entries, and all their arguments documented.
The \usage entries must correspond to syntactically valid R code.
See the chapter ‘Writing R documentation files’ in the ‘Writing R
Extensions’ manual.
* checking Rd contents ... OK
* checking for unstated dependencies in examples ... WARNING
Warning: parse error in file 'swiRcharts-Ex.R':
20:11: unexpected symbol
19: 
20: ~~ simple examples
              ^
* checking examples ... ERROR
Running examples in ‘swiRcharts-Ex.R’ failed
The error most likely occurred in:

> base::assign(".ptime", proc.time(), pos = "CheckExEnv")
> ### Name: swiRcharts-package
> ### Title: What the package does (short line) ~~ package title ~~
> ### Aliases: swiRcharts-package swiRcharts
> ### Keywords: package
> 
> ### ** Examples
> 
> ~~ simple examples of the most important functions ~~
Error: unexpected symbol in "~~ simple examples"
Execution halted
