* using log directory ‘/Users/nguyendu/Google Drive/swissinfo/_helpers/slopegraph.Rcheck’
* using R version 3.1.1 (2014-07-10)
* using platform: x86_64-apple-darwin13.1.0 (64-bit)
* using session charset: UTF-8
* checking for file ‘slopegraph/DESCRIPTION’ ... OK
* this is package ‘slopegraph’ version ‘0.1’
* checking package namespace information ... OK
* checking package dependencies ... OK
* checking if this is a source package ... OK
* checking if there is a namespace ... OK
* checking for executable files ... OK
* checking for hidden files and directories ... OK
* checking for portable file names ... OK
* checking for sufficient/correct file permissions ... OK
* checking whether package ‘slopegraph’ can be installed ... OK
* checking installed package size ... OK
* checking package directory ... OK
* checking DESCRIPTION meta-information ... WARNING
Non-standard license specification:
  GNU
Standardizable: FALSE
* checking top-level files ... OK
* checking for left-over files ... OK
* checking index information ... OK
* checking package subdirectories ... OK
* checking R files for non-ASCII characters ... OK
* checking R files for syntax errors ... OK
* checking whether the package can be loaded ... OK
* checking whether the package can be loaded with stated dependencies ... OK
* checking whether the package can be unloaded cleanly ... OK
* checking whether the namespace can be loaded with stated dependencies ... OK
* checking whether the namespace can be unloaded cleanly ... OK
* checking loading without being on the library search path ... OK
* checking dependencies in R code ... OK
* checking S3 generic/method consistency ... OK
* checking replacement functions ... OK
* checking foreign function calls ... OK
* checking R code for possible problems ... OK
* checking Rd files ... OK
* checking Rd metadata ... OK
* checking Rd cross-references ... OK
* checking for missing documentation entries ... OK
* checking for code/documentation mismatches ... OK
* checking Rd \usage sections ... WARNING
Undocumented arguments in documentation object 'slopegraph'
  ‘font.num’ ‘...’

Undocumented arguments in documentation object 'slopegraph2'
  ‘endpts’

Functions with \usage entries need to have the appropriate \alias
entries, and all their arguments documented.
The \usage entries must correspond to syntactically valid R code.
See the chapter ‘Writing R documentation files’ in the ‘Writing R
Extensions’ manual.
* checking Rd contents ... OK
* checking for unstated dependencies in examples ... OK
* checking examples ... ERROR
Running examples in ‘slopegraph-Ex.R’ failed
The error most likely occurred in:

> ### Name: slopegraph
> ### Title: Slopegraph charts
> ### Aliases: slopegraph
> 
> ### ** Examples
> 
> test <- data.frame(x = 1:10, y = c(-5:-1, 11:15), z = 1:10, row.names = letters[1:10])
> 
> slopegraph(test, rescaleByColumn = F, col.line='red', cex.lab = 0.6, cex.num = 0.6, offset.x = 0.05, xlim = c(-0.5, 3.5))
Error in slopegraph(test, rescaleByColumn = F, col.line = "red", cex.lab = 0.6,  : 
  F used instead of FALSE
Execution halted
